The system is: Windows - 10.0.19041 - AMD64
Compiling the C compiler identification source file "CMakeCCompilerId.c" succeeded.
Compiler: C:/Program Files (x86)/Microsoft Visual Studio/2019/Community/VC/Tools/Llvm/bin/clang-cl.exe 
Build flags: -m32
Id flags:  

The output was:
0


Compilation of the C compiler identification source "CMakeCCompilerId.c" produced "CMakeCCompilerId.exe"

The C compiler identification is Clang, found in "D:/Study/Lab's/5 semester/OS/tar/cmake-build-debug/CMakeFiles/3.17.3/CompilerIdC/CMakeCCompilerId.exe"

Determining if the C compiler works passed with the following output:
Change Dir: D:/Study/Lab's/5 semester/OS/tar/cmake-build-debug/CMakeFiles/CMakeTmp

Run Build Command(s):nmake /nologo cmTC_8bfa7\fast && 	"C:\Program Files (x86)\Microsoft Visual Studio\2019\Community\VC\Tools\MSVC\14.27.29110\bin\HostX86\x86\nmake.exe"  -f CMakeFiles\cmTC_8bfa7.dir\build.make /nologo -L                  CMakeFiles\cmTC_8bfa7.dir\build
Building C object CMakeFiles/cmTC_8bfa7.dir/testCCompiler.c.obj
	C:\PROGRA~2\MICROS~1\2019\COMMUN~1\VC\Tools\Llvm\bin\clang-cl.exe @C:\Users\Denis\AppData\Local\Temp\nm369C.tmp
Linking C executable cmTC_8bfa7.exe
	"C:\Program Files\JetBrains\CLion 2020.1.1\bin\cmake\win\bin\cmake.exe" -E vs_link_exe --intdir=CMakeFiles\cmTC_8bfa7.dir --rc=C:\PROGRA~2\WI3CF2~1\10\bin\100183~1.0\x86\rc.exe --mt=C:\PROGRA~2\WI3CF2~1\10\bin\100183~1.0\x86\mt.exe --manifests  -- C:\PROGRA~2\MICROS~1\2019\COMMUN~1\VC\Tools\Llvm\bin\lld-link.exe /nologo @CMakeFiles\cmTC_8bfa7.dir\objects1.rsp @C:\Users\Denis\AppData\Local\Temp\nm36EB.tmp



Detecting C compiler ABI info compiled with the following output:
Change Dir: D:/Study/Lab's/5 semester/OS/tar/cmake-build-debug/CMakeFiles/CMakeTmp

Run Build Command(s):nmake /nologo cmTC_65e4d\fast && 	"C:\Program Files (x86)\Microsoft Visual Studio\2019\Community\VC\Tools\MSVC\14.27.29110\bin\HostX86\x86\nmake.exe"  -f CMakeFiles\cmTC_65e4d.dir\build.make /nologo -L                  CMakeFiles\cmTC_65e4d.dir\build
Building C object CMakeFiles/cmTC_65e4d.dir/CMakeCCompilerABI.c.obj
	C:\PROGRA~2\MICROS~1\2019\COMMUN~1\VC\Tools\Llvm\bin\clang-cl.exe @C:\Users\Denis\AppData\Local\Temp\nm392C.tmp
Linking C executable cmTC_65e4d.exe
	"C:\Program Files\JetBrains\CLion 2020.1.1\bin\cmake\win\bin\cmake.exe" -E vs_link_exe --intdir=CMakeFiles\cmTC_65e4d.dir --rc=C:\PROGRA~2\WI3CF2~1\10\bin\100183~1.0\x86\rc.exe --mt=C:\PROGRA~2\WI3CF2~1\10\bin\100183~1.0\x86\mt.exe --manifests  -- C:\PROGRA~2\MICROS~1\2019\COMMUN~1\VC\Tools\Llvm\bin\lld-link.exe /nologo @CMakeFiles\cmTC_65e4d.dir\objects1.rsp @C:\Users\Denis\AppData\Local\Temp\nm398B.tmp



